<?xml version="1.0" encoding="UTF-8"?>
<!-- Generated by org.testng.reporters.JUnitReportReporter -->
<testsuite skipped="0" hostname="Magesh" name="org.projectclass.BaseClass" tests="1" failures="0" timestamp="11 Mar 2024 17:17:36 GMT" time="1.677" errors="0">
  <testcase name="login" time="1.677" classname="org.projectclass.BaseClass"/>
</testsuite> <!-- org.projectclass.BaseClass -->
